<?xml version="1.0" encoding="UTF-8"?>
<testng-results skipped="0" failed="0" total="1" passed="1">
  <reporter-output>
  </reporter-output>
  <suite name="Default suite" duration-ms="10023" started-at="2016-12-23T15:42:36Z" finished-at="2016-12-23T15:42:46Z">
    <groups>
    </groups>
    <test name="Default test" duration-ms="10023" started-at="2016-12-23T15:42:36Z" finished-at="2016-12-23T15:42:46Z">
      <class name="test.GridExampleTest">
        <test-method status="PASS" signature="test()[pri:0, instance:test.GridExampleTest@5a39699c]" name="test" duration-ms="9983" started-at="2016-12-23T21:12:36Z" finished-at="2016-12-23T21:12:46Z">
          <reporter-output>
          </reporter-output>
        </test-method> <!-- test -->
      </class> <!-- test.GridExampleTest -->
    </test> <!-- Default test -->
  </suite> <!-- Default suite -->
</testng-results>
